TN:
SF:src/index.ts
FNF:0
FNH:0
DA:1,1
DA:2,1
DA:3,1
DA:4,1
DA:5,1
DA:6,1
DA:7,1
DA:8,1
DA:9,1
DA:10,1
DA:11,1
DA:12,1
LF:12
LH:12
BRF:0
BRH:0
end_of_record
TN:
SF:src/calendars/FcnaCalendar.ts
FN:19,FcnaCalendar
FNF:1
FNH:1
FNDA:2,FcnaCalendar
DA:1,1
DA:2,1
DA:3,1
DA:4,1
DA:5,1
DA:6,1
DA:7,1
DA:8,1
DA:9,1
DA:10,1
DA:11,1
DA:12,1
DA:13,1
DA:14,1
DA:15,1
DA:16,1
DA:17,1
DA:18,1
DA:19,1
DA:20,2
DA:21,2
DA:22,1
LF:22
LH:22
BRDA:19,0,0,2
BRF:1
BRH:1
end_of_record
TN:
SF:src/calendars/HijriCalendar.ts
FN:15,borrowHijriDiff
FN:61,HijriCalendar
FN:66,toString
FN:79,toHijri
FN:94,fromHijri
FN:112,resolveOverflow
FN:119,applyOverflow
FN:133,year
FN:137,month
FN:146,monthCode
FN:151,day
FN:157,daysInMonth
FN:166,daysInYear
FN:175,monthsInYear
FN:179,inLeapYear
FN:190,dayOfWeek
FN:198,dayOfYear
FN:208,weekOfYear
FN:212,daysInWeek
FN:222,fields
FN:228,dateFromFields
FN:243,yearMonthFromFields
FN:266,monthDayFromFields
FN:295,dateAdd
FN:333,dateUntil
FN:363,mergeFields
FNF:26
FNH:23
FNDA:2,borrowHijriDiff
FNDA:4,HijriCalendar
FNDA:0,toString
FNDA:30,toHijri
FNDA:13,fromHijri
FNDA:10,resolveOverflow
FNDA:9,applyOverflow
FNDA:5,year
FNDA:7,month
FNDA:1,monthCode
FNDA:4,day
FNDA:1,daysInMonth
FNDA:2,daysInYear
FNDA:1,monthsInYear
FNDA:2,inLeapYear
FNDA:1,dayOfWeek
FNDA:1,dayOfYear
FNDA:0,weekOfYear
FNDA:1,daysInWeek
FNDA:2,fields
FNDA:5,dateFromFields
FNDA:1,yearMonthFromFields
FNDA:4,monthDayFromFields
FNDA:5,dateAdd
FNDA:4,dateUntil
FNDA:0,mergeFields
DA:1,1
DA:2,1
DA:3,1
DA:4,1
DA:5,1
DA:6,1
DA:7,1
DA:8,1
DA:9,1
DA:10,1
DA:11,1
DA:12,1
DA:13,1
DA:14,1
DA:15,2
DA:16,2
DA:17,2
DA:18,2
DA:19,2
DA:20,2
DA:21,2
DA:22,2
DA:23,2
DA:24,0
DA:25,0
DA:26,0
DA:27,0
DA:28,0
DA:29,0
DA:30,0
DA:31,0
DA:32,0
DA:33,2
DA:34,2
DA:35,2
DA:36,0
DA:37,0
DA:38,0
DA:39,2
DA:40,2
DA:41,2
DA:42,1
DA:43,1
DA:44,1
DA:45,1
DA:46,1
DA:47,1
DA:48,1
DA:49,1
DA:50,1
DA:51,1
DA:52,1
DA:53,1
DA:54,1
DA:55,1
DA:56,1
DA:57,1
DA:58,1
DA:59,1
DA:60,1
DA:61,1
DA:62,4
DA:63,4
DA:64,4
DA:65,1
DA:66,1
DA:67,0
DA:68,0
DA:69,1
DA:70,1
DA:71,1
DA:72,1
DA:73,1
DA:74,1
DA:75,1
DA:76,1
DA:77,1
DA:78,1
DA:79,1
DA:80,30
DA:81,30
DA:82,30
DA:83,1
DA:84,1
DA:85,29
DA:86,30
DA:87,1
DA:88,1
DA:89,1
DA:90,1
DA:91,1
DA:92,1
DA:93,1
DA:94,1
DA:95,13
DA:96,13
DA:97,0
DA:98,0
DA:99,0
DA:100,0
DA:101,13
DA:102,13
DA:103,13
DA:104,13
DA:105,13
DA:106,13
DA:107,1
DA:108,1
DA:109,1
DA:110,1
DA:111,1
DA:112,1
DA:113,10
DA:114,10
DA:115,1
DA:116,1
DA:117,1
DA:118,1
DA:119,1
DA:120,9
DA:121,9
DA:122,9
DA:123,9
DA:124,9
DA:125,9
DA:126,2
DA:127,2
DA:128,7
DA:129,9
DA:130,1
DA:131,1
DA:132,1
DA:133,1
DA:134,5
DA:135,5
DA:136,1
DA:137,1
DA:138,7
DA:139,7
DA:140,1
DA:141,1
DA:142,1
DA:143,1
DA:144,1
DA:145,1
DA:146,1
DA:147,1
DA:148,1
DA:149,1
DA:150,1
DA:151,1
DA:152,4
DA:153,4
DA:154,1
DA:155,1
DA:156,1
DA:157,1
DA:158,1
DA:159,1
DA:160,1
DA:161,1
DA:162,1
DA:163,1
DA:164,1
DA:165,1
DA:166,1
DA:167,2
DA:168,2
DA:169,2
DA:170,24
DA:171,24
DA:172,2
DA:173,2
DA:174,1
DA:175,1
DA:176,1
DA:177,1
DA:178,1
DA:179,1
DA:180,2
DA:181,2
DA:182,1
DA:183,1
DA:184,1
DA:185,1
DA:186,1
DA:187,1
DA:188,1
DA:189,1
DA:190,1
DA:191,1
DA:192,1
DA:193,1
DA:194,1
DA:195,1
DA:196,1
DA:197,1
DA:198,1
DA:199,1
DA:200,1
DA:201,1
DA:202,8
DA:203,8
DA:204,1
DA:205,1
DA:206,1
DA:207,1
DA:208,1
DA:209,0
DA:210,0
DA:211,1
DA:212,1
DA:213,1
DA:214,1
DA:215,1
DA:216,1
DA:217,1
DA:218,1
DA:219,1
DA:220,1
DA:221,1
DA:222,1
DA:223,2
DA:224,2
DA:225,1
DA:226,1
DA:227,1
DA:228,1
DA:229,5
DA:230,5
DA:231,5
DA:232,5
DA:233,5
DA:234,5
DA:235,5
DA:236,5
DA:237,1
DA:238,1
DA:239,1
DA:240,1
DA:241,1
DA:242,1
DA:243,1
DA:244,1
DA:245,1
DA:246,1
DA:247,1
DA:248,1
DA:249,1
DA:250,1
DA:251,0
DA:252,0
DA:253,1
DA:254,1
DA:255,1
DA:256,1
DA:257,1
DA:258,1
DA:259,1
DA:260,1
DA:261,1
DA:262,1
DA:263,1
DA:264,1
DA:265,1
DA:266,1
DA:267,4
DA:268,4
DA:269,4
DA:270,4
DA:271,4
DA:272,4
DA:273,4
DA:274,4
DA:275,4
DA:276,4
DA:277,4
DA:278,4
DA:279,4
DA:280,1
DA:281,1
DA:282,1
DA:283,1
DA:284,1
DA:285,1
DA:286,1
DA:287,1
DA:288,1
DA:289,1
DA:290,1
DA:291,1
DA:292,1
DA:293,1
DA:294,1
DA:295,1
DA:296,5
DA:297,5
DA:298,5
DA:299,5
DA:300,5
DA:301,5
DA:302,5
DA:303,5
DA:304,5
DA:305,5
DA:306,5
DA:307,5
DA:308,5
DA:309,5
DA:310,5
DA:311,5
DA:312,0
DA:313,0
DA:314,0
DA:315,5
DA:316,5
DA:317,5
DA:318,5
DA:319,5
DA:320,5
DA:321,5
DA:322,5
DA:323,5
DA:324,5
DA:325,1
DA:326,1
DA:327,1
DA:328,1
DA:329,1
DA:330,1
DA:331,1
DA:332,1
DA:333,1
DA:334,4
DA:335,4
DA:336,4
DA:337,4
DA:338,4
DA:339,4
DA:340,4
DA:341,1
DA:342,1
DA:343,1
DA:344,1
DA:345,1
DA:346,3
DA:347,4
DA:348,1
DA:349,1
DA:350,1
DA:351,1
DA:352,1
DA:353,1
DA:354,2
DA:355,2
DA:356,4
DA:357,1
DA:358,1
DA:359,1
DA:360,1
DA:361,4
DA:362,1
DA:363,1
DA:364,0
DA:365,0
DA:366,0
DA:367,0
DA:368,0
DA:369,1
LF:369
LH:339
BRDA:15,0,0,2
BRDA:23,1,0,0
BRDA:35,2,0,0
BRDA:61,3,0,4
BRDA:79,4,0,30
BRDA:82,5,0,1
BRDA:84,6,0,29
BRDA:94,7,0,13
BRDA:96,8,0,0
BRDA:112,9,0,10
BRDA:113,10,0,4
BRDA:113,11,0,6
BRDA:119,12,0,9
BRDA:125,13,0,2
BRDA:125,14,0,2
BRDA:127,15,0,7
BRDA:133,16,0,5
BRDA:137,17,0,7
BRDA:146,18,0,1
BRDA:151,19,0,4
BRDA:157,20,0,1
BRDA:166,21,0,2
BRDA:169,22,0,24
BRDA:175,23,0,1
BRDA:179,24,0,2
BRDA:190,25,0,1
BRDA:198,26,0,1
BRDA:201,27,0,8
BRDA:212,28,0,1
BRDA:222,29,0,2
BRDA:228,30,0,5
BRDA:243,31,0,1
BRDA:250,32,0,0
BRDA:250,33,0,0
BRDA:266,34,0,4
BRDA:271,35,0,3
BRDA:295,36,0,5
BRDA:302,37,0,0
BRDA:303,38,0,0
BRDA:311,39,0,0
BRDA:322,40,0,0
BRDA:322,41,0,0
BRDA:323,42,0,2
BRDA:323,43,0,3
BRDA:333,44,0,4
BRDA:338,45,0,0
BRDA:340,46,0,3
BRDA:340,47,0,1
BRDA:345,48,0,3
BRDA:347,49,0,2
BRDA:347,50,0,1
BRDA:353,51,0,2
BRDA:356,52,0,1
BRDA:356,53,0,1
BRF:54
BRH:43
end_of_record
TN:
SF:src/calendars/UaqCalendar.ts
FN:17,UaqCalendar
FNF:1
FNH:1
FNDA:2,UaqCalendar
DA:1,1
DA:2,1
DA:3,1
DA:4,1
DA:5,1
DA:6,1
DA:7,1
DA:8,1
DA:9,1
DA:10,1
DA:11,1
DA:12,1
DA:13,1
DA:14,1
DA:15,1
DA:16,1
DA:17,1
DA:18,2
DA:19,2
DA:20,1
LF:20
LH:20
BRDA:17,0,0,2
BRF:1
BRH:1
end_of_record
